Started GET "/" for ::1 at 2022-10-18 13:56:58 +0300
Processing by Rails::WelcomeController#index as HTML
  Rendering /home/kadenyi/.rbenv/versions/3.0.1/lib/ruby/gems/3.0.0/gems/railties-7.0.4/lib/rails/templates/rails/welcome/index.html.erb
  Rendered /home/kadenyi/.rbenv/versions/3.0.1/lib/ruby/gems/3.0.0/gems/railties-7.0.4/lib/rails/templates/rails/welcome/index.html.erb (Duration: 6.8ms | Allocations: 831)
Completed 200 OK in 128ms (Views: 29.9ms | ActiveRecord: 0.0ms | Allocations: 7774)


  [1m[35m (157.0ms)[0m  [1m[35mCREATE TABLE "schema_migrations" ("version" varchar NOT NULL PRIMARY KEY)[0m
  [1m[35m (93.5ms)[0m  [1m[35mCREATE TABLE "ar_internal_metadata" ("key" varchar NOT NULL PRIMARY KEY, "value" varchar, "created_at" datetime(6) NOT NULL, "updated_at" datetime(6) NOT NULL)[0m
  [1m[36mActiveRecord::SchemaMigration Pluck (0.3ms)[0m  [1m[34mSELECT "schema_migrations"."version" FROM "schema_migrations" ORDER BY "schema_migrations"."version" ASC[0m
Migrating to CreateUser (20221018130714)
  [1m[36mActiveRecord::SchemaMigration Pluck (0.2ms)[0m  [1m[34mSELECT "schema_migrations"."version" FROM "schema_migrations" ORDER BY "schema_migrations"."version" ASC[0m
Migrating to CreateUser (20221018130714)
  [1m[36mTRANSACTION (0.2ms)[0m  [1m[36mbegin transaction[0m
  [1m[35m (1.2ms)[0m  [1m[35mCREATE TABLE "users" ("id" integer PRIMARY KEY AUTOINCREMENT NOT NULL, "name" varchar, "photo" varchar, "bio" varchar, "poststcounter" integer, "created_at" datetime(6) NOT NULL, "updated_at" datetime(6) NOT NULL)[0m
  [1m[36mActiveRecord::SchemaMigration Create (0.2ms)[0m  [1m[32mINSERT INTO "schema_migrations" ("version") VALUES (?)[0m  [["version", "20221018130714"]]
  [1m[36mTRANSACTION (90.6ms)[0m  [1m[36mcommit transaction[0m
  [1m[36mActiveRecord::InternalMetadata Load (0.5ms)[0m  [1m[34mSELECT "ar_internal_metadata".* FROM "ar_internal_metadata" WHERE "ar_internal_metadata"."key" = ? LIMIT ?[0m  [["key", "environment"], ["LIMIT", 1]]
  [1m[36mTRANSACTION (0.2ms)[0m  [1m[36mbegin transaction[0m
  [1m[36mActiveRecord::InternalMetadata Create (0.7ms)[0m  [1m[32mINSERT INTO "ar_internal_metadata" ("key", "value", "created_at", "updated_at") VALUES (?, ?, ?, ?)[0m  [["key", "environment"], ["value", "development"], ["created_at", "2022-10-18 13:09:05.896319"], ["updated_at", "2022-10-18 13:09:05.896319"]]
  [1m[36mTRANSACTION (56.1ms)[0m  [1m[36mcommit transaction[0m
  [1m[36mActiveRecord::SchemaMigration Pluck (0.3ms)[0m  [1m[34mSELECT "schema_migrations"."version" FROM "schema_migrations" ORDER BY "schema_migrations"."version" ASC[0m
  [1m[36mActiveRecord::SchemaMigration Pluck (0.2ms)[0m  [1m[34mSELECT "schema_migrations"."version" FROM "schema_migrations" ORDER BY "schema_migrations"."version" ASC[0m
  [1m[36mActiveRecord::SchemaMigration Pluck (0.1ms)[0m  [1m[34mSELECT "schema_migrations"."version" FROM "schema_migrations" ORDER BY "schema_migrations"."version" ASC[0m
  [1m[36mActiveRecord::SchemaMigration Pluck (0.1ms)[0m  [1m[34mSELECT "schema_migrations"."version" FROM "schema_migrations" ORDER BY "schema_migrations"."version" ASC[0m
  [1m[36mActiveRecord::SchemaMigration Pluck (0.1ms)[0m  [1m[34mSELECT "schema_migrations"."version" FROM "schema_migrations" ORDER BY "schema_migrations"."version" ASC[0m
Migrating to CreateUser (20221018130714)
  [1m[36mTRANSACTION (0.1ms)[0m  [1m[36mbegin transaction[0m
  [1m[35m (0.5ms)[0m  [1m[35mDROP TABLE "users"[0m
  [1m[36mActiveRecord::SchemaMigration Delete All (0.3ms)[0m  [1m[31mDELETE FROM "schema_migrations" WHERE "schema_migrations"."version" = ?[0m  [["version", "20221018130714"]]
  [1m[36mTRANSACTION (105.3ms)[0m  [1m[36mcommit transaction[0m
  [1m[36mActiveRecord::SchemaMigration Pluck (0.3ms)[0m  [1m[34mSELECT "schema_migrations"."version" FROM "schema_migrations" ORDER BY "schema_migrations"."version" ASC[0m
  [1m[36mActiveRecord::SchemaMigration Pluck (0.2ms)[0m  [1m[34mSELECT "schema_migrations"."version" FROM "schema_migrations" ORDER BY "schema_migrations"."version" ASC[0m
Migrating to CreateUser (20221018130714)
  [1m[36mTRANSACTION (0.2ms)[0m  [1m[36mbegin transaction[0m
  [1m[35m (0.9ms)[0m  [1m[35mCREATE TABLE "users" ("id" integer PRIMARY KEY AUTOINCREMENT NOT NULL, "name" varchar, "photo" varchar, "bio" varchar, "posts_counter" integer, "created_at" datetime(6) NOT NULL, "updated_at" datetime(6) NOT NULL)[0m
  [1m[36mActiveRecord::SchemaMigration Create (0.8ms)[0m  [1m[32mINSERT INTO "schema_migrations" ("version") VALUES (?)[0m  [["version", "20221018130714"]]
  [1m[36mTRANSACTION (70.4ms)[0m  [1m[36mcommit transaction[0m
  [1m[36mActiveRecord::InternalMetadata Load (0.4ms)[0m  [1m[34mSELECT "ar_internal_metadata".* FROM "ar_internal_metadata" WHERE "ar_internal_metadata"."key" = ? LIMIT ?[0m  [["key", "environment"], ["LIMIT", 1]]
  [1m[36mActiveRecord::SchemaMigration Pluck (0.2ms)[0m  [1m[34mSELECT "schema_migrations"."version" FROM "schema_migrations" ORDER BY "schema_migrations"."version" ASC[0m
  [1m[36mActiveRecord::SchemaMigration Pluck (0.2ms)[0m  [1m[34mSELECT "schema_migrations"."version" FROM "schema_migrations" ORDER BY "schema_migrations"."version" ASC[0m
Migrating to CreatePost (20221018133834)
  [1m[36mTRANSACTION (0.2ms)[0m  [1m[36mbegin transaction[0m
  [1m[35m (1.1ms)[0m  [1m[35mCREATE TABLE "posts" ("id" integer PRIMARY KEY AUTOINCREMENT NOT NULL, "title" varchar, "text" text, "comments_counter" integer, "likes_counter" integer, "created_at" datetime(6) NOT NULL, "updated_at" datetime(6) NOT NULL)[0m
  [1m[36mActiveRecord::SchemaMigration Create (0.2ms)[0m  [1m[32mINSERT INTO "schema_migrations" ("version") VALUES (?)[0m  [["version", "20221018133834"]]
  [1m[36mTRANSACTION (103.7ms)[0m  [1m[36mcommit transaction[0m
  [1m[36mActiveRecord::InternalMetadata Load (0.8ms)[0m  [1m[34mSELECT "ar_internal_metadata".* FROM "ar_internal_metadata" WHERE "ar_internal_metadata"."key" = ? LIMIT ?[0m  [["key", "environment"], ["LIMIT", 1]]
  [1m[36mActiveRecord::SchemaMigration Pluck (0.4ms)[0m  [1m[34mSELECT "schema_migrations"."version" FROM "schema_migrations" ORDER BY "schema_migrations"."version" ASC[0m
  [1m[36mActiveRecord::SchemaMigration Pluck (0.2ms)[0m  [1m[34mSELECT "schema_migrations"."version" FROM "schema_migrations" ORDER BY "schema_migrations"."version" ASC[0m
Migrating to AddUserRefToPosts (20221018134104)
  [1m[36mTRANSACTION (0.3ms)[0m  [1m[36mbegin transaction[0m
  [1m[35m (0.2ms)[0m  [1m[35mPRAGMA foreign_keys[0m
  [1m[35m (0.1ms)[0m  [1m[35mPRAGMA defer_foreign_keys[0m
  [1m[35m (0.1ms)[0m  [1m[35mPRAGMA defer_foreign_keys = ON[0m
  [1m[35m (0.1ms)[0m  [1m[35mPRAGMA foreign_keys = OFF[0m
  [1m[35m (0.8ms)[0m  [1m[35mCREATE TEMPORARY TABLE "aposts" ("id" integer NOT NULL PRIMARY KEY, "title" varchar DEFAULT NULL, "text" text DEFAULT NULL, "comments_counter" integer DEFAULT NULL, "likes_counter" integer DEFAULT NULL, "created_at" datetime(6) NOT NULL, "updated_at" datetime(6) NOT NULL)[0m
  [1m[35m (0.1ms)[0m  [1m[32mINSERT INTO "aposts" ("id","title","text","comments_counter","likes_counter","created_at","updated_at")
                     SELECT "id","title","text","comments_counter","likes_counter","created_at","updated_at" FROM "posts"[0m
  [1m[35m (0.4ms)[0m  [1m[35mDROP TABLE "posts"[0m
  [1m[35m (0.1ms)[0m  [1m[35mCREATE TABLE "posts" ("id" integer NOT NULL PRIMARY KEY, "title" varchar DEFAULT NULL, "text" text DEFAULT NULL, "comments_counter" integer DEFAULT NULL, "likes_counter" integer DEFAULT NULL, "created_at" datetime(6) NOT NULL, "updated_at" datetime(6) NOT NULL, "user_id" integer NOT NULL)[0m
  [1m[35m (0.1ms)[0m  [1m[32mINSERT INTO "posts" ("id","title","text","comments_counter","likes_counter","created_at","updated_at")
                     SELECT "id","title","text","comments_counter","likes_counter","created_at","updated_at" FROM "aposts"[0m
  [1m[35m (0.2ms)[0m  [1m[35mDROP TABLE "aposts"[0m
  [1m[35m (0.1ms)[0m  [1m[35mPRAGMA defer_foreign_keys = 0[0m
  [1m[35m (0.1ms)[0m  [1m[35mPRAGMA foreign_keys = 1[0m
  [1m[35m (0.1ms)[0m  [1m[35mCREATE INDEX "index_posts_on_user_id" ON "posts" ("user_id")[0m
  [1m[35m (0.0ms)[0m  [1m[35mPRAGMA foreign_keys[0m
  [1m[35m (0.0ms)[0m  [1m[35mPRAGMA defer_foreign_keys[0m
  [1m[35m (0.0ms)[0m  [1m[35mPRAGMA defer_foreign_keys = ON[0m
  [1m[35m (0.0ms)[0m  [1m[35mPRAGMA foreign_keys = OFF[0m
  [1m[35m (0.1ms)[0m  [1m[35mCREATE TEMPORARY TABLE "aposts" ("id" integer NOT NULL PRIMARY KEY, "title" varchar DEFAULT NULL, "text" text DEFAULT NULL, "comments_counter" integer DEFAULT NULL, "likes_counter" integer DEFAULT NULL, "created_at" datetime(6) NOT NULL, "updated_at" datetime(6) NOT NULL, "user_id" integer NOT NULL)[0m
  [1m[35m (0.1ms)[0m  [1m[35mCREATE INDEX "tindex_aposts_on_user_id" ON "aposts" ("user_id")[0m
  [1m[35m (0.1ms)[0m  [1m[32mINSERT INTO "aposts" ("id","title","text","comments_counter","likes_counter","created_at","updated_at","user_id")
                     SELECT "id","title","text","comments_counter","likes_counter","created_at","updated_at","user_id" FROM "posts"[0m
  [1m[35m (0.3ms)[0m  [1m[35mDROP TABLE "posts"[0m
  [1m[35m (0.1ms)[0m  [1m[35mCREATE TABLE "posts" ("id" integer NOT NULL PRIMARY KEY, "title" varchar DEFAULT NULL, "text" text DEFAULT NULL, "comments_counter" integer DEFAULT NULL, "likes_counter" integer DEFAULT NULL, "created_at" datetime(6) NOT NULL, "updated_at" datetime(6) NOT NULL, "user_id" integer NOT NULL, CONSTRAINT "fk_rails_5b5ddfd518"
FOREIGN KEY ("user_id")
  REFERENCES "users" ("id")
)[0m
  [1m[35m (0.2ms)[0m  [1m[35mCREATE INDEX "index_posts_on_user_id" ON "posts" ("user_id")[0m
  [1m[35m (0.2ms)[0m  [1m[32mINSERT INTO "posts" ("id","title","text","comments_counter","likes_counter","created_at","updated_at","user_id")
                     SELECT "id","title","text","comments_counter","likes_counter","created_at","updated_at","user_id" FROM "aposts"[0m
  [1m[35m (0.5ms)[0m  [1m[35mDROP TABLE "aposts"[0m
  [1m[35m (0.6ms)[0m  [1m[35mPRAGMA defer_foreign_keys = 0[0m
  [1m[35m (0.7ms)[0m  [1m[35mPRAGMA foreign_keys = 1[0m
  [1m[36mActiveRecord::SchemaMigration Create (0.3ms)[0m  [1m[32mINSERT INTO "schema_migrations" ("version") VALUES (?)[0m  [["version", "20221018134104"]]
  [1m[36mTRANSACTION (158.0ms)[0m  [1m[36mcommit transaction[0m
  [1m[36mActiveRecord::InternalMetadata Load (0.4ms)[0m  [1m[34mSELECT "ar_internal_metadata".* FROM "ar_internal_metadata" WHERE "ar_internal_metadata"."key" = ? LIMIT ?[0m  [["key", "environment"], ["LIMIT", 1]]
  [1m[36mActiveRecord::SchemaMigration Pluck (0.2ms)[0m  [1m[34mSELECT "schema_migrations"."version" FROM "schema_migrations" ORDER BY "schema_migrations"."version" ASC[0m
  [1m[36mActiveRecord::SchemaMigration Pluck (0.2ms)[0m  [1m[34mSELECT "schema_migrations"."version" FROM "schema_migrations" ORDER BY "schema_migrations"."version" ASC[0m
Migrating to CreateComment (20221018135104)
  [1m[36mTRANSACTION (0.1ms)[0m  [1m[36mbegin transaction[0m
  [1m[35m (0.4ms)[0m  [1m[35mCREATE TABLE "comments" ("id" integer PRIMARY KEY AUTOINCREMENT NOT NULL, "text" text, "created_at" datetime(6) NOT NULL, "updated_at" datetime(6) NOT NULL)[0m
  [1m[36mActiveRecord::SchemaMigration Create (0.3ms)[0m  [1m[32mINSERT INTO "schema_migrations" ("version") VALUES (?)[0m  [["version", "20221018135104"]]
  [1m[36mTRANSACTION (407.2ms)[0m  [1m[36mcommit transaction[0m
  [1m[36mActiveRecord::InternalMetadata Load (0.4ms)[0m  [1m[34mSELECT "ar_internal_metadata".* FROM "ar_internal_metadata" WHERE "ar_internal_metadata"."key" = ? LIMIT ?[0m  [["key", "environment"], ["LIMIT", 1]]
  [1m[36mActiveRecord::SchemaMigration Pluck (0.1ms)[0m  [1m[34mSELECT "schema_migrations"."version" FROM "schema_migrations" ORDER BY "schema_migrations"."version" ASC[0m
  [1m[36mActiveRecord::SchemaMigration Pluck (0.2ms)[0m  [1m[34mSELECT "schema_migrations"."version" FROM "schema_migrations" ORDER BY "schema_migrations"."version" ASC[0m
Migrating to AddUserRefToComment (20221018135142)
  [1m[36mTRANSACTION (0.1ms)[0m  [1m[36mbegin transaction[0m
  [1m[35m (0.0ms)[0m  [1m[35mPRAGMA foreign_keys[0m
  [1m[35m (0.1ms)[0m  [1m[35mPRAGMA defer_foreign_keys[0m
  [1m[35m (0.1ms)[0m  [1m[35mPRAGMA defer_foreign_keys = ON[0m
  [1m[35m (0.1ms)[0m  [1m[35mPRAGMA foreign_keys = OFF[0m
  [1m[35m (0.2ms)[0m  [1m[35mCREATE TEMPORARY TABLE "acomments" ("id" integer NOT NULL PRIMARY KEY, "text" text DEFAULT NULL, "created_at" datetime(6) NOT NULL, "updated_at" datetime(6) NOT NULL)[0m
  [1m[35m (0.1ms)[0m  [1m[32mINSERT INTO "acomments" ("id","text","created_at","updated_at")
                     SELECT "id","text","created_at","updated_at" FROM "comments"[0m
  [1m[35m (1.4ms)[0m  [1m[35mDROP TABLE "comments"[0m
  [1m[35m (0.6ms)[0m  [1m[35mCREATE TABLE "comments" ("id" integer NOT NULL PRIMARY KEY, "text" text DEFAULT NULL, "created_at" datetime(6) NOT NULL, "updated_at" datetime(6) NOT NULL, "user_id" integer NOT NULL)[0m
  [1m[35m (0.1ms)[0m  [1m[32mINSERT INTO "comments" ("id","text","created_at","updated_at")
                     SELECT "id","text","created_at","updated_at" FROM "acomments"[0m
  [1m[35m (0.3ms)[0m  [1m[35mDROP TABLE "acomments"[0m
  [1m[35m (0.2ms)[0m  [1m[35mPRAGMA defer_foreign_keys = 0[0m
  [1m[35m (0.1ms)[0m  [1m[35mPRAGMA foreign_keys = 1[0m
  [1m[35m (0.2ms)[0m  [1m[35mCREATE INDEX "index_comments_on_user_id" ON "comments" ("user_id")[0m
  [1m[35m (0.0ms)[0m  [1m[35mPRAGMA foreign_keys[0m
  [1m[35m (0.0ms)[0m  [1m[35mPRAGMA defer_foreign_keys[0m
  [1m[35m (0.0ms)[0m  [1m[35mPRAGMA defer_foreign_keys = ON[0m
  [1m[35m (0.0ms)[0m  [1m[35mPRAGMA foreign_keys = OFF[0m
  [1m[35m (0.6ms)[0m  [1m[35mCREATE TEMPORARY TABLE "acomments" ("id" integer NOT NULL PRIMARY KEY, "text" text DEFAULT NULL, "created_at" datetime(6) NOT NULL, "updated_at" datetime(6) NOT NULL, "user_id" integer NOT NULL)[0m
  [1m[35m (0.1ms)[0m  [1m[35mCREATE INDEX "tindex_acomments_on_user_id" ON "acomments" ("user_id")[0m
  [1m[35m (0.1ms)[0m  [1m[32mINSERT INTO "acomments" ("id","text","created_at","updated_at","user_id")
                     SELECT "id","text","created_at","updated_at","user_id" FROM "comments"[0m
  [1m[35m (0.2ms)[0m  [1m[35mDROP TABLE "comments"[0m
  [1m[35m (0.1ms)[0m  [1m[35mCREATE TABLE "comments" ("id" integer NOT NULL PRIMARY KEY, "text" text DEFAULT NULL, "created_at" datetime(6) NOT NULL, "updated_at" datetime(6) NOT NULL, "user_id" integer NOT NULL, CONSTRAINT "fk_rails_03de2dc08c"
FOREIGN KEY ("user_id")
  REFERENCES "users" ("id")
)[0m
  [1m[35m (0.1ms)[0m  [1m[35mCREATE INDEX "index_comments_on_user_id" ON "comments" ("user_id")[0m
  [1m[35m (0.1ms)[0m  [1m[32mINSERT INTO "comments" ("id","text","created_at","updated_at","user_id")
                     SELECT "id","text","created_at","updated_at","user_id" FROM "acomments"[0m
  [1m[35m (0.3ms)[0m  [1m[35mDROP TABLE "acomments"[0m
  [1m[35m (0.0ms)[0m  [1m[35mPRAGMA defer_foreign_keys = 0[0m
  [1m[35m (0.0ms)[0m  [1m[35mPRAGMA foreign_keys = 1[0m
  [1m[36mActiveRecord::SchemaMigration Create (0.2ms)[0m  [1m[32mINSERT INTO "schema_migrations" ("version") VALUES (?)[0m  [["version", "20221018135142"]]
  [1m[36mTRANSACTION (493.7ms)[0m  [1m[36mcommit transaction[0m
  [1m[36mActiveRecord::InternalMetadata Load (0.5ms)[0m  [1m[34mSELECT "ar_internal_metadata".* FROM "ar_internal_metadata" WHERE "ar_internal_metadata"."key" = ? LIMIT ?[0m  [["key", "environment"], ["LIMIT", 1]]
  [1m[36mActiveRecord::SchemaMigration Pluck (0.2ms)[0m  [1m[34mSELECT "schema_migrations"."version" FROM "schema_migrations" ORDER BY "schema_migrations"."version" ASC[0m
  [1m[36mActiveRecord::SchemaMigration Pluck (0.2ms)[0m  [1m[34mSELECT "schema_migrations"."version" FROM "schema_migrations" ORDER BY "schema_migrations"."version" ASC[0m
Migrating to AddPostRefToComment (20221018135232)
  [1m[36mTRANSACTION (0.1ms)[0m  [1m[36mbegin transaction[0m
  [1m[35m (0.0ms)[0m  [1m[35mPRAGMA foreign_keys[0m
  [1m[35m (0.1ms)[0m  [1m[35mPRAGMA defer_foreign_keys[0m
  [1m[35m (0.1ms)[0m  [1m[35mPRAGMA defer_foreign_keys = ON[0m
  [1m[35m (0.1ms)[0m  [1m[35mPRAGMA foreign_keys = OFF[0m
  [1m[35m (0.4ms)[0m  [1m[35mCREATE TEMPORARY TABLE "acomments" ("id" integer NOT NULL PRIMARY KEY, "text" text DEFAULT NULL, "created_at" datetime(6) NOT NULL, "updated_at" datetime(6) NOT NULL, "user_id" integer NOT NULL)[0m
  [1m[35m (0.4ms)[0m  [1m[35mCREATE INDEX "tindex_acomments_on_user_id" ON "acomments" ("user_id")[0m
  [1m[35m (0.6ms)[0m  [1m[32mINSERT INTO "acomments" ("id","text","created_at","updated_at","user_id")
                     SELECT "id","text","created_at","updated_at","user_id" FROM "comments"[0m
  [1m[35m (14.0ms)[0m  [1m[35mDROP TABLE "comments"[0m
  [1m[35m (0.2ms)[0m  [1m[35mCREATE TABLE "comments" ("id" integer NOT NULL PRIMARY KEY, "text" text DEFAULT NULL, "created_at" datetime(6) NOT NULL, "updated_at" datetime(6) NOT NULL, "user_id" integer NOT NULL, "post_id" integer NOT NULL, CONSTRAINT "fk_rails_03de2dc08c"
FOREIGN KEY ("user_id")
  REFERENCES "users" ("id")
)[0m
  [1m[35m (0.3ms)[0m  [1m[35mCREATE INDEX "index_comments_on_user_id" ON "comments" ("user_id")[0m
  [1m[35m (0.1ms)[0m  [1m[32mINSERT INTO "comments" ("id","text","created_at","updated_at","user_id")
                     SELECT "id","text","created_at","updated_at","user_id" FROM "acomments"[0m
  [1m[35m (0.2ms)[0m  [1m[35mDROP TABLE "acomments"[0m
  [1m[35m (0.1ms)[0m  [1m[35mPRAGMA defer_foreign_keys = 0[0m
  [1m[35m (0.1ms)[0m  [1m[35mPRAGMA foreign_keys = 1[0m
  [1m[35m (0.2ms)[0m  [1m[35mCREATE INDEX "index_comments_on_post_id" ON "comments" ("post_id")[0m
  [1m[35m (0.0ms)[0m  [1m[35mPRAGMA foreign_keys[0m
  [1m[35m (0.1ms)[0m  [1m[35mPRAGMA defer_foreign_keys[0m
  [1m[35m (0.1ms)[0m  [1m[35mPRAGMA defer_foreign_keys = ON[0m
  [1m[35m (0.0ms)[0m  [1m[35mPRAGMA foreign_keys = OFF[0m
  [1m[35m (0.1ms)[0m  [1m[35mCREATE TEMPORARY TABLE "acomments" ("id" integer NOT NULL PRIMARY KEY, "text" text DEFAULT NULL, "created_at" datetime(6) NOT NULL, "updated_at" datetime(6) NOT NULL, "user_id" integer NOT NULL, "post_id" integer NOT NULL)[0m
  [1m[35m (0.1ms)[0m  [1m[35mCREATE INDEX "tindex_acomments_on_post_id" ON "acomments" ("post_id")[0m
  [1m[35m (0.1ms)[0m  [1m[35mCREATE INDEX "tindex_acomments_on_user_id" ON "acomments" ("user_id")[0m
  [1m[35m (0.1ms)[0m  [1m[32mINSERT INTO "acomments" ("id","text","created_at","updated_at","user_id","post_id")
                     SELECT "id","text","created_at","updated_at","user_id","post_id" FROM "comments"[0m
  [1m[35m (0.3ms)[0m  [1m[35mDROP TABLE "comments"[0m
  [1m[35m (0.3ms)[0m  [1m[35mCREATE TABLE "comments" ("id" integer NOT NULL PRIMARY KEY, "text" text DEFAULT NULL, "created_at" datetime(6) NOT NULL, "updated_at" datetime(6) NOT NULL, "user_id" integer NOT NULL, "post_id" integer NOT NULL, CONSTRAINT "fk_rails_03de2dc08c"
FOREIGN KEY ("user_id")
  REFERENCES "users" ("id")
, CONSTRAINT "fk_rails_2fd19c0db7"
FOREIGN KEY ("post_id")
  REFERENCES "posts" ("id")
)[0m
  [1m[35m (0.2ms)[0m  [1m[35mCREATE INDEX "index_comments_on_user_id" ON "comments" ("user_id")[0m
  [1m[35m (0.1ms)[0m  [1m[35mCREATE INDEX "index_comments_on_post_id" ON "comments" ("post_id")[0m
  [1m[35m (0.1ms)[0m  [1m[32mINSERT INTO "comments" ("id","text","created_at","updated_at","user_id","post_id")
                     SELECT "id","text","created_at","updated_at","user_id","post_id" FROM "acomments"[0m
  [1m[35m (0.3ms)[0m  [1m[35mDROP TABLE "acomments"[0m
  [1m[35m (0.0ms)[0m  [1m[35mPRAGMA defer_foreign_keys = 0[0m
  [1m[35m (0.0ms)[0m  [1m[35mPRAGMA foreign_keys = 1[0m
  [1m[36mActiveRecord::SchemaMigration Create (0.3ms)[0m  [1m[32mINSERT INTO "schema_migrations" ("version") VALUES (?)[0m  [["version", "20221018135232"]]
  [1m[36mTRANSACTION (147.7ms)[0m  [1m[36mcommit transaction[0m
  [1m[36mActiveRecord::InternalMetadata Load (0.7ms)[0m  [1m[34mSELECT "ar_internal_metadata".* FROM "ar_internal_metadata" WHERE "ar_internal_metadata"."key" = ? LIMIT ?[0m  [["key", "environment"], ["LIMIT", 1]]
  [1m[36mActiveRecord::SchemaMigration Pluck (0.2ms)[0m  [1m[34mSELECT "schema_migrations"."version" FROM "schema_migrations" ORDER BY "schema_migrations"."version" ASC[0m
  [1m[36mActiveRecord::SchemaMigration Pluck (0.2ms)[0m  [1m[34mSELECT "schema_migrations"."version" FROM "schema_migrations" ORDER BY "schema_migrations"."version" ASC[0m
Migrating to CreateLike (20221018135452)
  [1m[36mTRANSACTION (0.2ms)[0m  [1m[36mbegin transaction[0m
  [1m[35m (1.1ms)[0m  [1m[35mCREATE TABLE "likes" ("id" integer PRIMARY KEY AUTOINCREMENT NOT NULL, "created_at" datetime(6) NOT NULL, "updated_at" datetime(6) NOT NULL)[0m
  [1m[36mActiveRecord::SchemaMigration Create (0.3ms)[0m  [1m[32mINSERT INTO "schema_migrations" ("version") VALUES (?)[0m  [["version", "20221018135452"]]
  [1m[36mTRANSACTION (115.6ms)[0m  [1m[36mcommit transaction[0m
Migrating to AddUserRefToLike (20221018135600)
  [1m[36mTRANSACTION (0.2ms)[0m  [1m[36mbegin transaction[0m
  [1m[35m (0.2ms)[0m  [1m[35mPRAGMA foreign_keys[0m
  [1m[35m (0.2ms)[0m  [1m[35mPRAGMA defer_foreign_keys[0m
  [1m[35m (0.2ms)[0m  [1m[35mPRAGMA defer_foreign_keys = ON[0m
  [1m[35m (0.2ms)[0m  [1m[35mPRAGMA foreign_keys = OFF[0m
  [1m[35m (0.3ms)[0m  [1m[35mCREATE TEMPORARY TABLE "alikes" ("id" integer NOT NULL PRIMARY KEY, "created_at" datetime(6) NOT NULL, "updated_at" datetime(6) NOT NULL)[0m
  [1m[35m (0.2ms)[0m  [1m[32mINSERT INTO "alikes" ("id","created_at","updated_at")
                     SELECT "id","created_at","updated_at" FROM "likes"[0m
  [1m[35m (1.7ms)[0m  [1m[35mDROP TABLE "likes"[0m
  [1m[35m (0.4ms)[0m  [1m[35mCREATE TABLE "likes" ("id" integer NOT NULL PRIMARY KEY, "created_at" datetime(6) NOT NULL, "updated_at" datetime(6) NOT NULL, "user_id" integer NOT NULL)[0m
  [1m[35m (0.1ms)[0m  [1m[32mINSERT INTO "likes" ("id","created_at","updated_at")
                     SELECT "id","created_at","updated_at" FROM "alikes"[0m
  [1m[35m (0.2ms)[0m  [1m[35mDROP TABLE "alikes"[0m
  [1m[35m (0.1ms)[0m  [1m[35mPRAGMA defer_foreign_keys = 0[0m
  [1m[35m (0.0ms)[0m  [1m[35mPRAGMA foreign_keys = 1[0m
  [1m[35m (0.1ms)[0m  [1m[35mCREATE INDEX "index_likes_on_user_id" ON "likes" ("user_id")[0m
  [1m[35m (0.0ms)[0m  [1m[35mPRAGMA foreign_keys[0m
  [1m[35m (0.0ms)[0m  [1m[35mPRAGMA defer_foreign_keys[0m
  [1m[35m (0.0ms)[0m  [1m[35mPRAGMA defer_foreign_keys = ON[0m
  [1m[35m (0.0ms)[0m  [1m[35mPRAGMA foreign_keys = OFF[0m
  [1m[35m (0.1ms)[0m  [1m[35mCREATE TEMPORARY TABLE "alikes" ("id" integer NOT NULL PRIMARY KEY, "created_at" datetime(6) NOT NULL, "updated_at" datetime(6) NOT NULL, "user_id" integer NOT NULL)[0m
  [1m[35m (0.1ms)[0m  [1m[35mCREATE INDEX "tindex_alikes_on_user_id" ON "alikes" ("user_id")[0m
  [1m[35m (0.1ms)[0m  [1m[32mINSERT INTO "alikes" ("id","created_at","updated_at","user_id")
                     SELECT "id","created_at","updated_at","user_id" FROM "likes"[0m
  [1m[35m (0.3ms)[0m  [1m[35mDROP TABLE "likes"[0m
  [1m[35m (0.1ms)[0m  [1m[35mCREATE TABLE "likes" ("id" integer NOT NULL PRIMARY KEY, "created_at" datetime(6) NOT NULL, "updated_at" datetime(6) NOT NULL, "user_id" integer NOT NULL, CONSTRAINT "fk_rails_1e09b5dabf"
FOREIGN KEY ("user_id")
  REFERENCES "users" ("id")
)[0m
  [1m[35m (0.1ms)[0m  [1m[35mCREATE INDEX "index_likes_on_user_id" ON "likes" ("user_id")[0m
  [1m[35m (0.1ms)[0m  [1m[32mINSERT INTO "likes" ("id","created_at","updated_at","user_id")
                     SELECT "id","created_at","updated_at","user_id" FROM "alikes"[0m
  [1m[35m (0.3ms)[0m  [1m[35mDROP TABLE "alikes"[0m
  [1m[35m (0.0ms)[0m  [1m[35mPRAGMA defer_foreign_keys = 0[0m
  [1m[35m (0.0ms)[0m  [1m[35mPRAGMA foreign_keys = 1[0m
  [1m[36mActiveRecord::SchemaMigration Create (0.3ms)[0m  [1m[32mINSERT INTO "schema_migrations" ("version") VALUES (?)[0m  [["version", "20221018135600"]]
  [1m[36mTRANSACTION (75.6ms)[0m  [1m[36mcommit transaction[0m
  [1m[36mActiveRecord::InternalMetadata Load (0.5ms)[0m  [1m[34mSELECT "ar_internal_metadata".* FROM "ar_internal_metadata" WHERE "ar_internal_metadata"."key" = ? LIMIT ?[0m  [["key", "environment"], ["LIMIT", 1]]
  [1m[36mActiveRecord::SchemaMigration Pluck (0.1ms)[0m  [1m[34mSELECT "schema_migrations"."version" FROM "schema_migrations" ORDER BY "schema_migrations"."version" ASC[0m
  [1m[36mActiveRecord::SchemaMigration Pluck (0.2ms)[0m  [1m[34mSELECT "schema_migrations"."version" FROM "schema_migrations" ORDER BY "schema_migrations"."version" ASC[0m
Migrating to AddPostRefToLike (20221018135651)
  [1m[36mTRANSACTION (0.2ms)[0m  [1m[36mbegin transaction[0m
  [1m[35m (0.3ms)[0m  [1m[35mPRAGMA foreign_keys[0m
  [1m[35m (0.2ms)[0m  [1m[35mPRAGMA defer_foreign_keys[0m
  [1m[35m (0.2ms)[0m  [1m[35mPRAGMA defer_foreign_keys = ON[0m
  [1m[35m (0.1ms)[0m  [1m[35mPRAGMA foreign_keys = OFF[0m
  [1m[35m (0.8ms)[0m  [1m[35mCREATE TEMPORARY TABLE "alikes" ("id" integer NOT NULL PRIMARY KEY, "created_at" datetime(6) NOT NULL, "updated_at" datetime(6) NOT NULL, "user_id" integer NOT NULL)[0m
  [1m[35m (0.5ms)[0m  [1m[35mCREATE INDEX "tindex_alikes_on_user_id" ON "alikes" ("user_id")[0m
  [1m[35m (0.2ms)[0m  [1m[32mINSERT INTO "alikes" ("id","created_at","updated_at","user_id")
                     SELECT "id","created_at","updated_at","user_id" FROM "likes"[0m
  [1m[35m (1.4ms)[0m  [1m[35mDROP TABLE "likes"[0m
  [1m[35m (0.6ms)[0m  [1m[35mCREATE TABLE "likes" ("id" integer NOT NULL PRIMARY KEY, "created_at" datetime(6) NOT NULL, "updated_at" datetime(6) NOT NULL, "user_id" integer NOT NULL, "post_id" integer NOT NULL, CONSTRAINT "fk_rails_1e09b5dabf"
FOREIGN KEY ("user_id")
  REFERENCES "users" ("id")
)[0m
  [1m[35m (0.2ms)[0m  [1m[35mCREATE INDEX "index_likes_on_user_id" ON "likes" ("user_id")[0m
  [1m[35m (0.1ms)[0m  [1m[32mINSERT INTO "likes" ("id","created_at","updated_at","user_id")
                     SELECT "id","created_at","updated_at","user_id" FROM "alikes"[0m
  [1m[35m (0.4ms)[0m  [1m[35mDROP TABLE "alikes"[0m
  [1m[35m (0.3ms)[0m  [1m[35mPRAGMA defer_foreign_keys = 0[0m
  [1m[35m (0.3ms)[0m  [1m[35mPRAGMA foreign_keys = 1[0m
  [1m[35m (0.3ms)[0m  [1m[35mCREATE INDEX "index_likes_on_post_id" ON "likes" ("post_id")[0m
  [1m[35m (0.0ms)[0m  [1m[35mPRAGMA foreign_keys[0m
  [1m[35m (0.1ms)[0m  [1m[35mPRAGMA defer_foreign_keys[0m
  [1m[35m (0.2ms)[0m  [1m[35mPRAGMA defer_foreign_keys = ON[0m
  [1m[35m (0.0ms)[0m  [1m[35mPRAGMA foreign_keys = OFF[0m
  [1m[35m (0.2ms)[0m  [1m[35mCREATE TEMPORARY TABLE "alikes" ("id" integer NOT NULL PRIMARY KEY, "created_at" datetime(6) NOT NULL, "updated_at" datetime(6) NOT NULL, "user_id" integer NOT NULL, "post_id" integer NOT NULL)[0m
  [1m[35m (0.1ms)[0m  [1m[35mCREATE INDEX "tindex_alikes_on_post_id" ON "alikes" ("post_id")[0m
  [1m[35m (0.1ms)[0m  [1m[35mCREATE INDEX "tindex_alikes_on_user_id" ON "alikes" ("user_id")[0m
  [1m[35m (0.1ms)[0m  [1m[32mINSERT INTO "alikes" ("id","created_at","updated_at","user_id","post_id")
                     SELECT "id","created_at","updated_at","user_id","post_id" FROM "likes"[0m
  [1m[35m (0.4ms)[0m  [1m[35mDROP TABLE "likes"[0m
  [1m[35m (0.1ms)[0m  [1m[35mCREATE TABLE "likes" ("id" integer NOT NULL PRIMARY KEY, "created_at" datetime(6) NOT NULL, "updated_at" datetime(6) NOT NULL, "user_id" integer NOT NULL, "post_id" integer NOT NULL, CONSTRAINT "fk_rails_1e09b5dabf"
FOREIGN KEY ("user_id")
  REFERENCES "users" ("id")
, CONSTRAINT "fk_rails_87a8aac469"
FOREIGN KEY ("post_id")
  REFERENCES "posts" ("id")
)[0m
  [1m[35m (0.1ms)[0m  [1m[35mCREATE INDEX "index_likes_on_user_id" ON "likes" ("user_id")[0m
  [1m[35m (0.1ms)[0m  [1m[35mCREATE INDEX "index_likes_on_post_id" ON "likes" ("post_id")[0m
  [1m[35m (0.1ms)[0m  [1m[32mINSERT INTO "likes" ("id","created_at","updated_at","user_id","post_id")
                     SELECT "id","created_at","updated_at","user_id","post_id" FROM "alikes"[0m
  [1m[35m (0.3ms)[0m  [1m[35mDROP TABLE "alikes"[0m
  [1m[35m (0.0ms)[0m  [1m[35mPRAGMA defer_foreign_keys = 0[0m
  [1m[35m (0.0ms)[0m  [1m[35mPRAGMA foreign_keys = 1[0m
  [1m[36mActiveRecord::SchemaMigration Create (0.3ms)[0m  [1m[32mINSERT INTO "schema_migrations" ("version") VALUES (?)[0m  [["version", "20221018135651"]]
  [1m[36mTRANSACTION (95.5ms)[0m  [1m[36mcommit transaction[0m
  [1m[36mActiveRecord::InternalMetadata Load (0.6ms)[0m  [1m[34mSELECT "ar_internal_metadata".* FROM "ar_internal_metadata" WHERE "ar_internal_metadata"."key" = ? LIMIT ?[0m  [["key", "environment"], ["LIMIT", 1]]
  [1m[36mActiveRecord::SchemaMigration Pluck (0.4ms)[0m  [1m[34mSELECT "schema_migrations"."version" FROM "schema_migrations" ORDER BY "schema_migrations"."version" ASC[0m
  [1m[35m (542.7ms)[0m  [1m[35mCREATE TABLE "schema_migrations" ("version" character varying NOT NULL PRIMARY KEY)[0m
  [1m[35m (117.5ms)[0m  [1m[35mCREATE TABLE "ar_internal_metadata" ("key" character varying NOT NULL PRIMARY KEY, "value" character varying, "created_at" timestamp(6) NOT NULL, "updated_at" timestamp(6) NOT NULL)[0m
  [1m[35m (0.3ms)[0m  [1m[34mSELECT pg_try_advisory_lock(559255656990293550)[0m
  [1m[36mActiveRecord::SchemaMigration Pluck (3.5ms)[0m  [1m[34mSELECT "schema_migrations"."version" FROM "schema_migrations" ORDER BY "schema_migrations"."version" ASC[0m
  [1m[36mActiveRecord::InternalMetadata Load (1.6ms)[0m  [1m[34mSELECT "ar_internal_metadata".* FROM "ar_internal_metadata" WHERE "ar_internal_metadata"."key" = $1 LIMIT $2[0m  [["key", "environment"], ["LIMIT", 1]]
  [1m[36mTRANSACTION (0.9ms)[0m  [1m[35mBEGIN[0m
  [1m[36mActiveRecord::InternalMetadata Create (115.4ms)[0m  [1m[32mINSERT INTO "ar_internal_metadata" ("key", "value", "created_at", "updated_at") VALUES ($1, $2, $3, $4) RETURNING "key"[0m  [["key", "environment"], ["value", "development"], ["created_at", "2022-10-18 15:51:34.899269"], ["updated_at", "2022-10-18 15:51:34.899269"]]
  [1m[36mTRANSACTION (194.1ms)[0m  [1m[35mCOMMIT[0m
  [1m[35m (0.8ms)[0m  [1m[34mSELECT pg_advisory_unlock(559255656990293550)[0m
  [1m[36mActiveRecord::SchemaMigration Pluck (1.7ms)[0m  [1m[34mSELECT "schema_migrations"."version" FROM "schema_migrations" ORDER BY "schema_migrations"."version" ASC[0m
  [1m[35m (0.2ms)[0m  [1m[34mSELECT pg_try_advisory_lock(559255656990293550)[0m
  [1m[36mActiveRecord::SchemaMigration Pluck (0.6ms)[0m  [1m[34mSELECT "schema_migrations"."version" FROM "schema_migrations" ORDER BY "schema_migrations"."version" ASC[0m
Migrating to CreateUser (20221018155243)
  [1m[35m (0.4ms)[0m  [1m[34mSELECT pg_advisory_unlock(559255656990293550)[0m
  [1m[35m (0.3ms)[0m  [1m[34mSELECT pg_try_advisory_lock(559255656990293550)[0m
  [1m[36mActiveRecord::SchemaMigration Pluck (0.5ms)[0m  [1m[34mSELECT "schema_migrations"."version" FROM "schema_migrations" ORDER BY "schema_migrations"."version" ASC[0m
Migrating to CreateUser (20221018155243)
  [1m[36mTRANSACTION (0.3ms)[0m  [1m[35mBEGIN[0m
  [1m[35m (210.8ms)[0m  [1m[35mCREATE TABLE "users" ("id" bigserial primary key, "name" character varying, "photo" character varying, "bio" character varying, "posts_counter" integer, "created_at" timestamp(6) NOT NULL, "updated_at" timestamp(6) NOT NULL)[0m
  [1m[36mActiveRecord::SchemaMigration Create (3.2ms)[0m  [1m[32mINSERT INTO "schema_migrations" ("version") VALUES ($1) RETURNING "version"[0m  [["version", "20221018155243"]]
  [1m[36mTRANSACTION (12.4ms)[0m  [1m[35mCOMMIT[0m
  [1m[36mActiveRecord::InternalMetadata Load (6.8ms)[0m  [1m[34mSELECT "ar_internal_metadata".* FROM "ar_internal_metadata" WHERE "ar_internal_metadata"."key" = $1 LIMIT $2[0m  [["key", "environment"], ["LIMIT", 1]]
  [1m[35m (2.1ms)[0m  [1m[34mSELECT pg_advisory_unlock(559255656990293550)[0m
  [1m[36mActiveRecord::SchemaMigration Pluck (2.7ms)[0m  [1m[34mSELECT "schema_migrations"."version" FROM "schema_migrations" ORDER BY "schema_migrations"."version" ASC[0m
  [1m[35m (0.2ms)[0m  [1m[34mSELECT pg_try_advisory_lock(559255656990293550)[0m
  [1m[36mActiveRecord::SchemaMigration Pluck (0.6ms)[0m  [1m[34mSELECT "schema_migrations"."version" FROM "schema_migrations" ORDER BY "schema_migrations"."version" ASC[0m
Migrating to CreatePost (20221018155635)
  [1m[36mTRANSACTION (0.3ms)[0m  [1m[35mBEGIN[0m
  [1m[35m (106.4ms)[0m  [1m[35mCREATE TABLE "posts" ("id" bigserial primary key, "title" character varying, "text" text, "comments_counter" integer, "likes_counter" integer, "created_at" timestamp(6) NOT NULL, "updated_at" timestamp(6) NOT NULL)[0m
  [1m[36mActiveRecord::SchemaMigration Create (0.7ms)[0m  [1m[32mINSERT INTO "schema_migrations" ("version") VALUES ($1) RETURNING "version"[0m  [["version", "20221018155635"]]
  [1m[36mTRANSACTION (13.8ms)[0m  [1m[35mCOMMIT[0m
  [1m[36mActiveRecord::InternalMetadata Load (0.3ms)[0m  [1m[34mSELECT "ar_internal_metadata".* FROM "ar_internal_metadata" WHERE "ar_internal_metadata"."key" = $1 LIMIT $2[0m  [["key", "environment"], ["LIMIT", 1]]
  [1m[35m (0.4ms)[0m  [1m[34mSELECT pg_advisory_unlock(559255656990293550)[0m
  [1m[36mActiveRecord::SchemaMigration Pluck (1.1ms)[0m  [1m[34mSELECT "schema_migrations"."version" FROM "schema_migrations" ORDER BY "schema_migrations"."version" ASC[0m
  [1m[35m (0.4ms)[0m  [1m[34mSELECT pg_try_advisory_lock(559255656990293550)[0m
  [1m[36mActiveRecord::SchemaMigration Pluck (0.6ms)[0m  [1m[34mSELECT "schema_migrations"."version" FROM "schema_migrations" ORDER BY "schema_migrations"."version" ASC[0m
Migrating to AddUserRefToPosts (20221018155708)
  [1m[36mTRANSACTION (0.3ms)[0m  [1m[35mBEGIN[0m
  [1m[35m (0.6ms)[0m  [1m[35mALTER TABLE "posts" ADD "user_id" bigint NOT NULL[0m
  [1m[35m (54.9ms)[0m  [1m[35mCREATE INDEX "index_posts_on_user_id" ON "posts" ("user_id")[0m
  [1m[35m (116.1ms)[0m  [1m[35mALTER TABLE "posts" ADD CONSTRAINT "fk_rails_5b5ddfd518"
FOREIGN KEY ("user_id")
  REFERENCES "users" ("id")
[0m
  [1m[36mActiveRecord::SchemaMigration Create (0.5ms)[0m  [1m[32mINSERT INTO "schema_migrations" ("version") VALUES ($1) RETURNING "version"[0m  [["version", "20221018155708"]]
  [1m[36mTRANSACTION (15.7ms)[0m  [1m[35mCOMMIT[0m
  [1m[36mActiveRecord::InternalMetadata Load (0.9ms)[0m  [1m[34mSELECT "ar_internal_metadata".* FROM "ar_internal_metadata" WHERE "ar_internal_metadata"."key" = $1 LIMIT $2[0m  [["key", "environment"], ["LIMIT", 1]]
  [1m[35m (0.9ms)[0m  [1m[34mSELECT pg_advisory_unlock(559255656990293550)[0m
  [1m[36mActiveRecord::SchemaMigration Pluck (0.9ms)[0m  [1m[34mSELECT "schema_migrations"."version" FROM "schema_migrations" ORDER BY "schema_migrations"."version" ASC[0m
  [1m[35m (0.2ms)[0m  [1m[34mSELECT pg_try_advisory_lock(559255656990293550)[0m
  [1m[36mActiveRecord::SchemaMigration Pluck (0.7ms)[0m  [1m[34mSELECT "schema_migrations"."version" FROM "schema_migrations" ORDER BY "schema_migrations"."version" ASC[0m
Migrating to CreateComment (20221018155749)
  [1m[36mTRANSACTION (0.3ms)[0m  [1m[35mBEGIN[0m
  [1m[35m (98.2ms)[0m  [1m[35mCREATE TABLE "comments" ("id" bigserial primary key, "text" text, "created_at" timestamp(6) NOT NULL, "updated_at" timestamp(6) NOT NULL)[0m
  [1m[36mActiveRecord::SchemaMigration Create (0.6ms)[0m  [1m[32mINSERT INTO "schema_migrations" ("version") VALUES ($1) RETURNING "version"[0m  [["version", "20221018155749"]]
  [1m[36mTRANSACTION (15.1ms)[0m  [1m[35mCOMMIT[0m
  [1m[36mActiveRecord::InternalMetadata Load (0.7ms)[0m  [1m[34mSELECT "ar_internal_metadata".* FROM "ar_internal_metadata" WHERE "ar_internal_metadata"."key" = $1 LIMIT $2[0m  [["key", "environment"], ["LIMIT", 1]]
  [1m[35m (0.3ms)[0m  [1m[34mSELECT pg_advisory_unlock(559255656990293550)[0m
  [1m[36mActiveRecord::SchemaMigration Pluck (1.0ms)[0m  [1m[34mSELECT "schema_migrations"."version" FROM "schema_migrations" ORDER BY "schema_migrations"."version" ASC[0m
  [1m[35m (0.5ms)[0m  [1m[34mSELECT pg_try_advisory_lock(559255656990293550)[0m
  [1m[36mActiveRecord::SchemaMigration Pluck (0.8ms)[0m  [1m[34mSELECT "schema_migrations"."version" FROM "schema_migrations" ORDER BY "schema_migrations"."version" ASC[0m
Migrating to AddUserRefToComment (20221018155821)
  [1m[36mTRANSACTION (0.3ms)[0m  [1m[35mBEGIN[0m
  [1m[35m (0.7ms)[0m  [1m[35mALTER TABLE "comments" ADD "user_id" bigint NOT NULL[0m
  [1m[35m (61.5ms)[0m  [1m[35mCREATE INDEX "index_comments_on_user_id" ON "comments" ("user_id")[0m
  [1m[35m (2.9ms)[0m  [1m[35mALTER TABLE "comments" ADD CONSTRAINT "fk_rails_03de2dc08c"
FOREIGN KEY ("user_id")
  REFERENCES "users" ("id")
[0m
  [1m[36mActiveRecord::SchemaMigration Create (0.4ms)[0m  [1m[32mINSERT INTO "schema_migrations" ("version") VALUES ($1) RETURNING "version"[0m  [["version", "20221018155821"]]
  [1m[36mTRANSACTION (11.4ms)[0m  [1m[35mCOMMIT[0m
  [1m[36mActiveRecord::InternalMetadata Load (0.9ms)[0m  [1m[34mSELECT "ar_internal_metadata".* FROM "ar_internal_metadata" WHERE "ar_internal_metadata"."key" = $1 LIMIT $2[0m  [["key", "environment"], ["LIMIT", 1]]
  [1m[35m (0.5ms)[0m  [1m[34mSELECT pg_advisory_unlock(559255656990293550)[0m
  [1m[36mActiveRecord::SchemaMigration Pluck (0.9ms)[0m  [1m[34mSELECT "schema_migrations"."version" FROM "schema_migrations" ORDER BY "schema_migrations"."version" ASC[0m
  [1m[35m (0.2ms)[0m  [1m[34mSELECT pg_try_advisory_lock(559255656990293550)[0m
  [1m[36mActiveRecord::SchemaMigration Pluck (3.3ms)[0m  [1m[34mSELECT "schema_migrations"."version" FROM "schema_migrations" ORDER BY "schema_migrations"."version" ASC[0m
Migrating to AddPostRefToComment (20221018155846)
  [1m[36mTRANSACTION (0.3ms)[0m  [1m[35mBEGIN[0m
  [1m[35m (0.8ms)[0m  [1m[35mALTER TABLE "comments" ADD "post_id" bigint NOT NULL[0m
  [1m[35m (31.6ms)[0m  [1m[35mCREATE INDEX "index_comments_on_post_id" ON "comments" ("post_id")[0m
  [1m[35m (1.4ms)[0m  [1m[35mALTER TABLE "comments" ADD CONSTRAINT "fk_rails_2fd19c0db7"
FOREIGN KEY ("post_id")
  REFERENCES "posts" ("id")
[0m
  [1m[36mActiveRecord::SchemaMigration Create (3.9ms)[0m  [1m[32mINSERT INTO "schema_migrations" ("version") VALUES ($1) RETURNING "version"[0m  [["version", "20221018155846"]]
  [1m[36mTRANSACTION (11.4ms)[0m  [1m[35mCOMMIT[0m
  [1m[36mActiveRecord::InternalMetadata Load (0.4ms)[0m  [1m[34mSELECT "ar_internal_metadata".* FROM "ar_internal_metadata" WHERE "ar_internal_metadata"."key" = $1 LIMIT $2[0m  [["key", "environment"], ["LIMIT", 1]]
  [1m[35m (0.4ms)[0m  [1m[34mSELECT pg_advisory_unlock(559255656990293550)[0m
  [1m[36mActiveRecord::SchemaMigration Pluck (0.7ms)[0m  [1m[34mSELECT "schema_migrations"."version" FROM "schema_migrations" ORDER BY "schema_migrations"."version" ASC[0m
  [1m[35m (0.4ms)[0m  [1m[34mSELECT pg_try_advisory_lock(559255656990293550)[0m
  [1m[36mActiveRecord::SchemaMigration Pluck (0.8ms)[0m  [1m[34mSELECT "schema_migrations"."version" FROM "schema_migrations" ORDER BY "schema_migrations"."version" ASC[0m
Migrating to CreateLike (20221018155906)
  [1m[36mTRANSACTION (1.1ms)[0m  [1m[35mBEGIN[0m
  [1m[35m (47.3ms)[0m  [1m[35mCREATE TABLE "likes" ("id" bigserial primary key, "created_at" timestamp(6) NOT NULL, "updated_at" timestamp(6) NOT NULL)[0m
  [1m[36mActiveRecord::SchemaMigration Create (1.4ms)[0m  [1m[32mINSERT INTO "schema_migrations" ("version") VALUES ($1) RETURNING "version"[0m  [["version", "20221018155906"]]
  [1m[36mTRANSACTION (11.0ms)[0m  [1m[35mCOMMIT[0m
  [1m[36mActiveRecord::InternalMetadata Load (0.4ms)[0m  [1m[34mSELECT "ar_internal_metadata".* FROM "ar_internal_metadata" WHERE "ar_internal_metadata"."key" = $1 LIMIT $2[0m  [["key", "environment"], ["LIMIT", 1]]
  [1m[35m (0.5ms)[0m  [1m[34mSELECT pg_advisory_unlock(559255656990293550)[0m
  [1m[36mActiveRecord::SchemaMigration Pluck (0.8ms)[0m  [1m[34mSELECT "schema_migrations"."version" FROM "schema_migrations" ORDER BY "schema_migrations"."version" ASC[0m
  [1m[35m (0.4ms)[0m  [1m[34mSELECT pg_try_advisory_lock(559255656990293550)[0m
  [1m[36mActiveRecord::SchemaMigration Pluck (1.5ms)[0m  [1m[34mSELECT "schema_migrations"."version" FROM "schema_migrations" ORDER BY "schema_migrations"."version" ASC[0m
Migrating to AddUserRefToLike (20221018155936)
  [1m[36mTRANSACTION (0.7ms)[0m  [1m[35mBEGIN[0m
  [1m[35m (0.7ms)[0m  [1m[35mALTER TABLE "likes" ADD "user_id" bigint NOT NULL[0m
  [1m[35m (51.2ms)[0m  [1m[35mCREATE INDEX "index_likes_on_user_id" ON "likes" ("user_id")[0m
  [1m[35m (4.8ms)[0m  [1m[35mALTER TABLE "likes" ADD CONSTRAINT "fk_rails_1e09b5dabf"
FOREIGN KEY ("user_id")
  REFERENCES "users" ("id")
[0m
  [1m[36mActiveRecord::SchemaMigration Create (0.4ms)[0m  [1m[32mINSERT INTO "schema_migrations" ("version") VALUES ($1) RETURNING "version"[0m  [["version", "20221018155936"]]
  [1m[36mTRANSACTION (29.1ms)[0m  [1m[35mCOMMIT[0m
  [1m[36mActiveRecord::InternalMetadata Load (0.3ms)[0m  [1m[34mSELECT "ar_internal_metadata".* FROM "ar_internal_metadata" WHERE "ar_internal_metadata"."key" = $1 LIMIT $2[0m  [["key", "environment"], ["LIMIT", 1]]
  [1m[35m (0.3ms)[0m  [1m[34mSELECT pg_advisory_unlock(559255656990293550)[0m
  [1m[36mActiveRecord::SchemaMigration Pluck (1.1ms)[0m  [1m[34mSELECT "schema_migrations"."version" FROM "schema_migrations" ORDER BY "schema_migrations"."version" ASC[0m
  [1m[35m (0.2ms)[0m  [1m[34mSELECT pg_try_advisory_lock(559255656990293550)[0m
  [1m[36mActiveRecord::SchemaMigration Pluck (0.8ms)[0m  [1m[34mSELECT "schema_migrations"."version" FROM "schema_migrations" ORDER BY "schema_migrations"."version" ASC[0m
Migrating to AddPostRefToLike (20221018160017)
  [1m[36mTRANSACTION (1.9ms)[0m  [1m[35mBEGIN[0m
  [1m[35m (0.6ms)[0m  [1m[35mALTER TABLE "likes" ADD "post_id" bigint NOT NULL[0m
  [1m[35m (58.3ms)[0m  [1m[35mCREATE INDEX "index_likes_on_post_id" ON "likes" ("post_id")[0m
  [1m[35m (2.4ms)[0m  [1m[35mALTER TABLE "likes" ADD CONSTRAINT "fk_rails_87a8aac469"
FOREIGN KEY ("post_id")
  REFERENCES "posts" ("id")
[0m
  [1m[36mActiveRecord::SchemaMigration Create (0.6ms)[0m  [1m[32mINSERT INTO "schema_migrations" ("version") VALUES ($1) RETURNING "version"[0m  [["version", "20221018160017"]]
  [1m[36mTRANSACTION (28.2ms)[0m  [1m[35mCOMMIT[0m
  [1m[36mActiveRecord::InternalMetadata Load (0.4ms)[0m  [1m[34mSELECT "ar_internal_metadata".* FROM "ar_internal_metadata" WHERE "ar_internal_metadata"."key" = $1 LIMIT $2[0m  [["key", "environment"], ["LIMIT", 1]]
  [1m[35m (0.5ms)[0m  [1m[34mSELECT pg_advisory_unlock(559255656990293550)[0m
  [1m[36mActiveRecord::SchemaMigration Pluck (0.5ms)[0m  [1m[34mSELECT "schema_migrations"."version" FROM "schema_migrations" ORDER BY "schema_migrations"."version" ASC[0m
Started GET "/" for ::1 at 2022-10-18 19:03:13 +0300
  [1m[36mActiveRecord::SchemaMigration Pluck (0.9ms)[0m  [1m[34mSELECT "schema_migrations"."version" FROM "schema_migrations" ORDER BY "schema_migrations"."version" ASC[0m
Processing by Rails::WelcomeController#index as HTML
  Rendering /home/kadenyi/.rbenv/versions/3.0.1/lib/ruby/gems/3.0.0/gems/railties-7.0.4/lib/rails/templates/rails/welcome/index.html.erb
  Rendered /home/kadenyi/.rbenv/versions/3.0.1/lib/ruby/gems/3.0.0/gems/railties-7.0.4/lib/rails/templates/rails/welcome/index.html.erb (Duration: 34.5ms | Allocations: 727)
Completed 200 OK in 303ms (Views: 153.1ms | ActiveRecord: 0.0ms | Allocations: 6495)


Started GET "/posts" for ::1 at 2022-10-18 19:03:21 +0300
  
ActionController::RoutingError (No route matches [GET] "/posts"):
  
Started GET "/post" for ::1 at 2022-10-18 19:03:25 +0300
  
ActionController::RoutingError (No route matches [GET] "/post"):
  
  [1m[35m (0.3ms)[0m  [1m[34mSELECT pg_try_advisory_lock(559255656990293550)[0m
  [1m[36mActiveRecord::SchemaMigration Pluck (3.1ms)[0m  [1m[34mSELECT "schema_migrations"."version" FROM "schema_migrations" ORDER BY "schema_migrations"."version" ASC[0m
  [1m[36mActiveRecord::InternalMetadata Load (0.4ms)[0m  [1m[34mSELECT "ar_internal_metadata".* FROM "ar_internal_metadata" WHERE "ar_internal_metadata"."key" = $1 LIMIT $2[0m  [["key", "environment"], ["LIMIT", 1]]
  [1m[35m (0.4ms)[0m  [1m[34mSELECT pg_advisory_unlock(559255656990293550)[0m
  [1m[36mActiveRecord::SchemaMigration Pluck (3.0ms)[0m  [1m[34mSELECT "schema_migrations"."version" FROM "schema_migrations" ORDER BY "schema_migrations"."version" ASC[0m
  [1m[35m (0.4ms)[0m  [1m[34mSELECT pg_try_advisory_lock(559255656990293550)[0m
  [1m[36mActiveRecord::SchemaMigration Pluck (0.9ms)[0m  [1m[34mSELECT "schema_migrations"."version" FROM "schema_migrations" ORDER BY "schema_migrations"."version" ASC[0m
  [1m[36mActiveRecord::InternalMetadata Load (0.3ms)[0m  [1m[34mSELECT "ar_internal_metadata".* FROM "ar_internal_metadata" WHERE "ar_internal_metadata"."key" = $1 LIMIT $2[0m  [["key", "environment"], ["LIMIT", 1]]
  [1m[35m (0.3ms)[0m  [1m[34mSELECT pg_advisory_unlock(559255656990293550)[0m
  [1m[36mActiveRecord::SchemaMigration Pluck (0.8ms)[0m  [1m[34mSELECT "schema_migrations"."version" FROM "schema_migrations" ORDER BY "schema_migrations"."version" ASC[0m
  [1m[36mUser Load (130.0ms)[0m  [1m[34mSELECT "users".* FROM "users"[0m
  [1m[36mUser Load (0.4ms)[0m  [1m[34mSELECT "users".* FROM "users" ORDER BY "users"."id" ASC LIMIT $1[0m  [["LIMIT", 1]]
  [1m[36mUser Load (0.4ms)[0m  [1m[34mSELECT "users".* FROM "users" ORDER BY "users"."id" DESC LIMIT $1[0m  [["LIMIT", 2]]
  [1m[36mUser Load (0.5ms)[0m  [1m[34mSELECT "users".* FROM "users" ORDER BY "users"."id" DESC LIMIT $1[0m  [["LIMIT", 1]]
  [1m[36mUser Load (0.4ms)[0m  [1m[34mSELECT "users".* FROM "users" ORDER BY "users"."id" ASC LIMIT $1[0m  [["LIMIT", 2]]
  [1m[36mUser Load (0.6ms)[0m  [1m[34mSELECT "users".* FROM "users" ORDER BY "users"."id" DESC LIMIT $1[0m  [["LIMIT", 1]]
  [1m[36mUser Load (0.5ms)[0m  [1m[34mSELECT "users".* FROM "users" ORDER BY "users"."id" ASC LIMIT $1[0m  [["LIMIT", 2]]
  [1m[36mUser Load (0.5ms)[0m  [1m[34mSELECT "users".* FROM "users" ORDER BY "users"."id" DESC LIMIT $1[0m  [["LIMIT", 1]]
  [1m[36mPost Load (66.4ms)[0m  [1m[34mSELECT "posts".* FROM "posts"[0m
  [1m[36mComment Load (14.1ms)[0m  [1m[34mSELECT "comments".* FROM "comments"[0m
  [1m[36mLike Load (59.1ms)[0m  [1m[34mSELECT "likes".* FROM "likes"[0m
  [1m[35m (1.4ms)[0m  [1m[34mSELECT pg_try_advisory_lock(559255656990293550)[0m
  [1m[36mActiveRecord::SchemaMigration Pluck (61.9ms)[0m  [1m[34mSELECT "schema_migrations"."version" FROM "schema_migrations" ORDER BY "schema_migrations"."version" ASC[0m
Migrating to CreateUser (20221018155243)
  [1m[36mTRANSACTION (0.9ms)[0m  [1m[35mBEGIN[0m
  [1m[35m (242.7ms)[0m  [1m[35mCREATE TABLE "users" ("id" bigserial primary key, "name" character varying, "photo" character varying, "bio" character varying, "posts_counter" integer, "created_at" timestamp(6) NOT NULL, "updated_at" timestamp(6) NOT NULL)[0m
  [1m[36mTRANSACTION (0.7ms)[0m  [1m[31mROLLBACK[0m
  [1m[35m (1.0ms)[0m  [1m[34mSELECT pg_advisory_unlock(559255656990293550)[0m
  [1m[35m (0.4ms)[0m  [1m[35mDROP DATABASE IF EXISTS "myblog_development"[0m
  [1m[35m (0.3ms)[0m  [1m[35mDROP DATABASE IF EXISTS "myblog_test"[0m
  [1m[35m (1234.0ms)[0m  [1m[35mCREATE DATABASE "myblog_development" ENCODING = 'utf8'[0m
  [1m[35m (1026.9ms)[0m  [1m[35mCREATE DATABASE "myblog_test" ENCODING = 'utf8'[0m
  [1m[35m (173.1ms)[0m  [1m[35mCREATE TABLE "schema_migrations" ("version" character varying NOT NULL PRIMARY KEY)[0m
  [1m[35m (89.6ms)[0m  [1m[35mCREATE TABLE "ar_internal_metadata" ("key" character varying NOT NULL PRIMARY KEY, "value" character varying, "created_at" timestamp(6) NOT NULL, "updated_at" timestamp(6) NOT NULL)[0m
  [1m[35m (0.9ms)[0m  [1m[34mSELECT pg_try_advisory_lock(4518038202419116725)[0m
  [1m[36mActiveRecord::SchemaMigration Pluck (1.6ms)[0m  [1m[34mSELECT "schema_migrations"."version" FROM "schema_migrations" ORDER BY "schema_migrations"."version" ASC[0m
Migrating to CreateUser (20221018155243)
  [1m[36mTRANSACTION (0.6ms)[0m  [1m[35mBEGIN[0m
  [1m[35m (90.0ms)[0m  [1m[35mCREATE TABLE "users" ("id" bigserial primary key, "name" character varying, "photo" character varying, "bio" character varying, "posts_counter" integer, "created_at" timestamp(6) NOT NULL, "updated_at" timestamp(6) NOT NULL)[0m
  [1m[36mActiveRecord::SchemaMigration Create (1.4ms)[0m  [1m[32mINSERT INTO "schema_migrations" ("version") VALUES ($1) RETURNING "version"[0m  [["version", "20221018155243"]]
  [1m[36mTRANSACTION (25.6ms)[0m  [1m[35mCOMMIT[0m
Migrating to CreatePost (20221018155635)
  [1m[36mTRANSACTION (0.6ms)[0m  [1m[35mBEGIN[0m
  [1m[35m (115.7ms)[0m  [1m[35mCREATE TABLE "posts" ("id" bigserial primary key, "title" character varying, "text" text, "comments_counter" integer, "likes_counter" integer, "created_at" timestamp(6) NOT NULL, "updated_at" timestamp(6) NOT NULL)[0m
  [1m[36mActiveRecord::SchemaMigration Create (0.8ms)[0m  [1m[32mINSERT INTO "schema_migrations" ("version") VALUES ($1) RETURNING "version"[0m  [["version", "20221018155635"]]
  [1m[36mTRANSACTION (30.6ms)[0m  [1m[35mCOMMIT[0m
Migrating to AddUserRefToPosts (20221018155708)
  [1m[36mTRANSACTION (0.2ms)[0m  [1m[35mBEGIN[0m
  [1m[35m (0.4ms)[0m  [1m[35mALTER TABLE "posts" ADD "user_id" bigint NOT NULL[0m
  [1m[35m (55.6ms)[0m  [1m[35mCREATE INDEX "index_posts_on_user_id" ON "posts" ("user_id")[0m
  [1m[35m (17.4ms)[0m  [1m[35mALTER TABLE "posts" ADD CONSTRAINT "fk_rails_5b5ddfd518"
FOREIGN KEY ("user_id")
  REFERENCES "users" ("id")
[0m
  [1m[36mActiveRecord::SchemaMigration Create (1.0ms)[0m  [1m[32mINSERT INTO "schema_migrations" ("version") VALUES ($1) RETURNING "version"[0m  [["version", "20221018155708"]]
  [1m[36mTRANSACTION (6.9ms)[0m  [1m[35mCOMMIT[0m
Migrating to CreateComment (20221018155749)
  [1m[36mTRANSACTION (0.8ms)[0m  [1m[35mBEGIN[0m
  [1m[35m (75.9ms)[0m  [1m[35mCREATE TABLE "comments" ("id" bigserial primary key, "text" text, "created_at" timestamp(6) NOT NULL, "updated_at" timestamp(6) NOT NULL)[0m
  [1m[36mActiveRecord::SchemaMigration Create (0.9ms)[0m  [1m[32mINSERT INTO "schema_migrations" ("version") VALUES ($1) RETURNING "version"[0m  [["version", "20221018155749"]]
  [1m[36mTRANSACTION (20.8ms)[0m  [1m[35mCOMMIT[0m
Migrating to AddUserRefToComment (20221018155821)
  [1m[36mTRANSACTION (0.5ms)[0m  [1m[35mBEGIN[0m
  [1m[35m (1.0ms)[0m  [1m[35mALTER TABLE "comments" ADD "user_id" bigint NOT NULL[0m
  [1m[35m (32.3ms)[0m  [1m[35mCREATE INDEX "index_comments_on_user_id" ON "comments" ("user_id")[0m
  [1m[35m (3.7ms)[0m  [1m[35mALTER TABLE "comments" ADD CONSTRAINT "fk_rails_03de2dc08c"
FOREIGN KEY ("user_id")
  REFERENCES "users" ("id")
[0m
  [1m[36mActiveRecord::SchemaMigration Create (1.0ms)[0m  [1m[32mINSERT INTO "schema_migrations" ("version") VALUES ($1) RETURNING "version"[0m  [["version", "20221018155821"]]
  [1m[36mTRANSACTION (21.1ms)[0m  [1m[35mCOMMIT[0m
Migrating to AddPostRefToComment (20221018155846)
  [1m[36mTRANSACTION (0.6ms)[0m  [1m[35mBEGIN[0m
  [1m[35m (1.2ms)[0m  [1m[35mALTER TABLE "comments" ADD "post_id" bigint NOT NULL[0m
  [1m[35m (47.2ms)[0m  [1m[35mCREATE INDEX "index_comments_on_post_id" ON "comments" ("post_id")[0m
  [1m[35m (4.8ms)[0m  [1m[35mALTER TABLE "comments" ADD CONSTRAINT "fk_rails_2fd19c0db7"
FOREIGN KEY ("post_id")
  REFERENCES "posts" ("id")
[0m
  [1m[36mActiveRecord::SchemaMigration Create (1.0ms)[0m  [1m[32mINSERT INTO "schema_migrations" ("version") VALUES ($1) RETURNING "version"[0m  [["version", "20221018155846"]]
  [1m[36mTRANSACTION (12.4ms)[0m  [1m[35mCOMMIT[0m
Migrating to CreateLike (20221018155906)
  [1m[36mTRANSACTION (0.8ms)[0m  [1m[35mBEGIN[0m
  [1m[35m (43.2ms)[0m  [1m[35mCREATE TABLE "likes" ("id" bigserial primary key, "created_at" timestamp(6) NOT NULL, "updated_at" timestamp(6) NOT NULL)[0m
  [1m[36mActiveRecord::SchemaMigration Create (1.0ms)[0m  [1m[32mINSERT INTO "schema_migrations" ("version") VALUES ($1) RETURNING "version"[0m  [["version", "20221018155906"]]
  [1m[36mTRANSACTION (22.6ms)[0m  [1m[35mCOMMIT[0m
Migrating to AddUserRefToLike (20221018155936)
  [1m[36mTRANSACTION (0.6ms)[0m  [1m[35mBEGIN[0m
  [1m[35m (1.8ms)[0m  [1m[35mALTER TABLE "likes" ADD "user_id" bigint NOT NULL[0m
  [1m[35m (44.5ms)[0m  [1m[35mCREATE INDEX "index_likes_on_user_id" ON "likes" ("user_id")[0m
  [1m[35m (5.9ms)[0m  [1m[35mALTER TABLE "likes" ADD CONSTRAINT "fk_rails_1e09b5dabf"
FOREIGN KEY ("user_id")
  REFERENCES "users" ("id")
[0m
  [1m[36mActiveRecord::SchemaMigration Create (0.9ms)[0m  [1m[32mINSERT INTO "schema_migrations" ("version") VALUES ($1) RETURNING "version"[0m  [["version", "20221018155936"]]
  [1m[36mTRANSACTION (22.6ms)[0m  [1m[35mCOMMIT[0m
Migrating to AddPostRefToLike (20221018160017)
  [1m[36mTRANSACTION (0.6ms)[0m  [1m[35mBEGIN[0m
  [1m[35m (5.7ms)[0m  [1m[35mALTER TABLE "likes" ADD "post_id" bigint NOT NULL[0m
  [1m[35m (47.1ms)[0m  [1m[35mCREATE INDEX "index_likes_on_post_id" ON "likes" ("post_id")[0m
  [1m[35m (4.8ms)[0m  [1m[35mALTER TABLE "likes" ADD CONSTRAINT "fk_rails_87a8aac469"
FOREIGN KEY ("post_id")
  REFERENCES "posts" ("id")
[0m
  [1m[36mActiveRecord::SchemaMigration Create (1.0ms)[0m  [1m[32mINSERT INTO "schema_migrations" ("version") VALUES ($1) RETURNING "version"[0m  [["version", "20221018160017"]]
  [1m[36mTRANSACTION (20.4ms)[0m  [1m[35mCOMMIT[0m
  [1m[36mActiveRecord::InternalMetadata Load (1.4ms)[0m  [1m[34mSELECT "ar_internal_metadata".* FROM "ar_internal_metadata" WHERE "ar_internal_metadata"."key" = $1 LIMIT $2[0m  [["key", "environment"], ["LIMIT", 1]]
  [1m[36mTRANSACTION (0.5ms)[0m  [1m[35mBEGIN[0m
  [1m[36mActiveRecord::InternalMetadata Create (1.3ms)[0m  [1m[32mINSERT INTO "ar_internal_metadata" ("key", "value", "created_at", "updated_at") VALUES ($1, $2, $3, $4) RETURNING "key"[0m  [["key", "environment"], ["value", "development"], ["created_at", "2022-10-20 15:41:28.254053"], ["updated_at", "2022-10-20 15:41:28.254053"]]
  [1m[36mTRANSACTION (4.0ms)[0m  [1m[35mCOMMIT[0m
  [1m[35m (0.9ms)[0m  [1m[34mSELECT pg_advisory_unlock(4518038202419116725)[0m
  [1m[36mActiveRecord::SchemaMigration Pluck (1.1ms)[0m  [1m[34mSELECT "schema_migrations"."version" FROM "schema_migrations" ORDER BY "schema_migrations"."version" ASC[0m
  [1m[36mUser Load (0.5ms)[0m  [1m[34mSELECT "users".* FROM "users"[0m
  [1m[36mUser Load (0.5ms)[0m  [1m[34mSELECT "users".* FROM "users"[0m
  [1m[36mActiveRecord::SchemaMigration Pluck (0.6ms)[0m  [1m[34mSELECT "schema_migrations"."version" FROM "schema_migrations" ORDER BY "schema_migrations"."version" ASC[0m
  [1m[36mActiveRecord::InternalMetadata Pluck (0.4ms)[0m  [1m[34mSELECT "ar_internal_metadata"."value" FROM "ar_internal_metadata" WHERE "ar_internal_metadata"."key" = $1 LIMIT $2[0m  [["key", "environment"], ["LIMIT", 1]]
  [1m[36mActiveRecord::SchemaMigration Pluck (0.3ms)[0m  [1m[34mSELECT "schema_migrations"."version" FROM "schema_migrations" ORDER BY "schema_migrations"."version" ASC[0m
  [1m[36mActiveRecord::InternalMetadata Pluck (0.3ms)[0m  [1m[34mSELECT "ar_internal_metadata"."value" FROM "ar_internal_metadata" WHERE "ar_internal_metadata"."key" = $1 LIMIT $2[0m  [["key", "environment"], ["LIMIT", 1]]
  [1m[36mActiveRecord::SchemaMigration Pluck (0.3ms)[0m  [1m[34mSELECT "schema_migrations"."version" FROM "schema_migrations" ORDER BY "schema_migrations"."version" ASC[0m
  [1m[36mActiveRecord::InternalMetadata Pluck (0.3ms)[0m  [1m[34mSELECT "ar_internal_metadata"."value" FROM "ar_internal_metadata" WHERE "ar_internal_metadata"."key" = $1 LIMIT $2[0m  [["key", "environment"], ["LIMIT", 1]]
  [1m[35m (5052.7ms)[0m  [1m[35mDROP DATABASE IF EXISTS "myblog_development"[0m
  [1m[36mActiveRecord::SchemaMigration Pluck (0.7ms)[0m  [1m[34mSELECT "schema_migrations"."version" FROM "schema_migrations" ORDER BY "schema_migrations"."version" ASC[0m
  [1m[36mActiveRecord::InternalMetadata Pluck (0.3ms)[0m  [1m[34mSELECT "ar_internal_metadata"."value" FROM "ar_internal_metadata" WHERE "ar_internal_metadata"."key" = $1 LIMIT $2[0m  [["key", "environment"], ["LIMIT", 1]]
  [1m[36mActiveRecord::SchemaMigration Pluck (0.2ms)[0m  [1m[34mSELECT "schema_migrations"."version" FROM "schema_migrations" ORDER BY "schema_migrations"."version" ASC[0m
  [1m[36mActiveRecord::InternalMetadata Pluck (0.3ms)[0m  [1m[34mSELECT "ar_internal_metadata"."value" FROM "ar_internal_metadata" WHERE "ar_internal_metadata"."key" = $1 LIMIT $2[0m  [["key", "environment"], ["LIMIT", 1]]
  [1m[36mActiveRecord::SchemaMigration Pluck (0.3ms)[0m  [1m[34mSELECT "schema_migrations"."version" FROM "schema_migrations" ORDER BY "schema_migrations"."version" ASC[0m
  [1m[36mActiveRecord::InternalMetadata Pluck (0.3ms)[0m  [1m[34mSELECT "ar_internal_metadata"."value" FROM "ar_internal_metadata" WHERE "ar_internal_metadata"."key" = $1 LIMIT $2[0m  [["key", "environment"], ["LIMIT", 1]]
  [1m[35m (257.7ms)[0m  [1m[35mDROP DATABASE IF EXISTS "myblog_development"[0m
  [1m[35m (274.9ms)[0m  [1m[35mDROP DATABASE IF EXISTS "myblog_test"[0m
  [1m[35m (833.6ms)[0m  [1m[35mCREATE DATABASE "myblog_development" ENCODING = 'utf8'[0m
  [1m[35m (820.8ms)[0m  [1m[35mCREATE DATABASE "myblog_test" ENCODING = 'utf8'[0m
  [1m[35m (131.7ms)[0m  [1m[35mCREATE TABLE "schema_migrations" ("version" character varying NOT NULL PRIMARY KEY)[0m
  [1m[35m (95.1ms)[0m  [1m[35mCREATE TABLE "ar_internal_metadata" ("key" character varying NOT NULL PRIMARY KEY, "value" character varying, "created_at" timestamp(6) NOT NULL, "updated_at" timestamp(6) NOT NULL)[0m
  [1m[35m (0.3ms)[0m  [1m[34mSELECT pg_try_advisory_lock(4518038202419116725)[0m
  [1m[36mActiveRecord::SchemaMigration Pluck (0.6ms)[0m  [1m[34mSELECT "schema_migrations"."version" FROM "schema_migrations" ORDER BY "schema_migrations"."version" ASC[0m
Migrating to CreateUser (20221018155243)
  [1m[36mTRANSACTION (0.2ms)[0m  [1m[35mBEGIN[0m
  [1m[35m (320.2ms)[0m  [1m[35mCREATE TABLE "users" ("id" bigserial primary key, "name" character varying, "photo" character varying, "bio" character varying, "posts_counter" integer, "created_at" timestamp(6) NOT NULL, "updated_at" timestamp(6) NOT NULL)[0m
  [1m[36mActiveRecord::SchemaMigration Create (1.3ms)[0m  [1m[32mINSERT INTO "schema_migrations" ("version") VALUES ($1) RETURNING "version"[0m  [["version", "20221018155243"]]
  [1m[36mTRANSACTION (25.1ms)[0m  [1m[35mCOMMIT[0m
Migrating to CreatePost (20221018155635)
  [1m[36mTRANSACTION (0.7ms)[0m  [1m[35mBEGIN[0m
  [1m[35m (83.5ms)[0m  [1m[35mCREATE TABLE "posts" ("id" bigserial primary key, "title" character varying, "text" text, "comments_counter" integer, "likes_counter" integer, "created_at" timestamp(6) NOT NULL, "updated_at" timestamp(6) NOT NULL)[0m
  [1m[36mActiveRecord::SchemaMigration Create (1.0ms)[0m  [1m[32mINSERT INTO "schema_migrations" ("version") VALUES ($1) RETURNING "version"[0m  [["version", "20221018155635"]]
  [1m[36mTRANSACTION (19.3ms)[0m  [1m[35mCOMMIT[0m
Migrating to AddUserRefToPosts (20221018155708)
  [1m[36mTRANSACTION (0.6ms)[0m  [1m[35mBEGIN[0m
  [1m[35m (1.0ms)[0m  [1m[35mALTER TABLE "posts" ADD "user_id" bigint NOT NULL[0m
  [1m[35m (59.0ms)[0m  [1m[35mCREATE INDEX "index_posts_on_user_id" ON "posts" ("user_id")[0m
  [1m[35m (5.6ms)[0m  [1m[35mALTER TABLE "posts" ADD CONSTRAINT "fk_rails_5b5ddfd518"
FOREIGN KEY ("user_id")
  REFERENCES "users" ("id")
[0m
  [1m[36mActiveRecord::SchemaMigration Create (0.4ms)[0m  [1m[32mINSERT INTO "schema_migrations" ("version") VALUES ($1) RETURNING "version"[0m  [["version", "20221018155708"]]
  [1m[36mTRANSACTION (21.3ms)[0m  [1m[35mCOMMIT[0m
Migrating to CreateComment (20221018155749)
  [1m[36mTRANSACTION (0.3ms)[0m  [1m[35mBEGIN[0m
  [1m[35m (72.4ms)[0m  [1m[35mCREATE TABLE "comments" ("id" bigserial primary key, "text" text, "created_at" timestamp(6) NOT NULL, "updated_at" timestamp(6) NOT NULL)[0m
  [1m[36mActiveRecord::SchemaMigration Create (0.4ms)[0m  [1m[32mINSERT INTO "schema_migrations" ("version") VALUES ($1) RETURNING "version"[0m  [["version", "20221018155749"]]
  [1m[36mTRANSACTION (17.9ms)[0m  [1m[35mCOMMIT[0m
Migrating to AddUserRefToComment (20221018155821)
  [1m[36mTRANSACTION (1.0ms)[0m  [1m[35mBEGIN[0m
  [1m[35m (0.6ms)[0m  [1m[35mALTER TABLE "comments" ADD "user_id" bigint NOT NULL[0m
  [1m[35m (50.4ms)[0m  [1m[35mCREATE INDEX "index_comments_on_user_id" ON "comments" ("user_id")[0m
  [1m[35m (3.6ms)[0m  [1m[35mALTER TABLE "comments" ADD CONSTRAINT "fk_rails_03de2dc08c"
FOREIGN KEY ("user_id")
  REFERENCES "users" ("id")
[0m
  [1m[36mActiveRecord::SchemaMigration Create (0.8ms)[0m  [1m[32mINSERT INTO "schema_migrations" ("version") VALUES ($1) RETURNING "version"[0m  [["version", "20221018155821"]]
  [1m[36mTRANSACTION (22.7ms)[0m  [1m[35mCOMMIT[0m
Migrating to AddPostRefToComment (20221018155846)
  [1m[36mTRANSACTION (1.0ms)[0m  [1m[35mBEGIN[0m
  [1m[35m (1.1ms)[0m  [1m[35mALTER TABLE "comments" ADD "post_id" bigint NOT NULL[0m
  [1m[35m (38.4ms)[0m  [1m[35mCREATE INDEX "index_comments_on_post_id" ON "comments" ("post_id")[0m
  [1m[35m (4.3ms)[0m  [1m[35mALTER TABLE "comments" ADD CONSTRAINT "fk_rails_2fd19c0db7"
FOREIGN KEY ("post_id")
  REFERENCES "posts" ("id")
[0m
  [1m[36mActiveRecord::SchemaMigration Create (0.6ms)[0m  [1m[32mINSERT INTO "schema_migrations" ("version") VALUES ($1) RETURNING "version"[0m  [["version", "20221018155846"]]
  [1m[36mTRANSACTION (24.6ms)[0m  [1m[35mCOMMIT[0m
Migrating to CreateLike (20221018155906)
  [1m[36mTRANSACTION (0.4ms)[0m  [1m[35mBEGIN[0m
  [1m[35m (56.6ms)[0m  [1m[35mCREATE TABLE "likes" ("id" bigserial primary key, "created_at" timestamp(6) NOT NULL, "updated_at" timestamp(6) NOT NULL)[0m
  [1m[36mActiveRecord::SchemaMigration Create (0.8ms)[0m  [1m[32mINSERT INTO "schema_migrations" ("version") VALUES ($1) RETURNING "version"[0m  [["version", "20221018155906"]]
  [1m[36mTRANSACTION (39.8ms)[0m  [1m[35mCOMMIT[0m
Migrating to AddUserRefToLike (20221018155936)
  [1m[36mTRANSACTION (0.5ms)[0m  [1m[35mBEGIN[0m
  [1m[35m (2.5ms)[0m  [1m[35mALTER TABLE "likes" ADD "user_id" bigint NOT NULL[0m
  [1m[35m (44.0ms)[0m  [1m[35mCREATE INDEX "index_likes_on_user_id" ON "likes" ("user_id")[0m
  [1m[35m (3.4ms)[0m  [1m[35mALTER TABLE "likes" ADD CONSTRAINT "fk_rails_1e09b5dabf"
FOREIGN KEY ("user_id")
  REFERENCES "users" ("id")
[0m
  [1m[36mActiveRecord::SchemaMigration Create (0.9ms)[0m  [1m[32mINSERT INTO "schema_migrations" ("version") VALUES ($1) RETURNING "version"[0m  [["version", "20221018155936"]]
  [1m[36mTRANSACTION (15.9ms)[0m  [1m[35mCOMMIT[0m
Migrating to AddPostRefToLike (20221018160017)
  [1m[36mTRANSACTION (1.1ms)[0m  [1m[35mBEGIN[0m
  [1m[35m (2.6ms)[0m  [1m[35mALTER TABLE "likes" ADD "post_id" bigint NOT NULL[0m
  [1m[35m (44.6ms)[0m  [1m[35mCREATE INDEX "index_likes_on_post_id" ON "likes" ("post_id")[0m
  [1m[35m (2.0ms)[0m  [1m[35mALTER TABLE "likes" ADD CONSTRAINT "fk_rails_87a8aac469"
FOREIGN KEY ("post_id")
  REFERENCES "posts" ("id")
[0m
  [1m[36mActiveRecord::SchemaMigration Create (0.4ms)[0m  [1m[32mINSERT INTO "schema_migrations" ("version") VALUES ($1) RETURNING "version"[0m  [["version", "20221018160017"]]
  [1m[36mTRANSACTION (13.7ms)[0m  [1m[35mCOMMIT[0m
  [1m[36mActiveRecord::InternalMetadata Load (1.0ms)[0m  [1m[34mSELECT "ar_internal_metadata".* FROM "ar_internal_metadata" WHERE "ar_internal_metadata"."key" = $1 LIMIT $2[0m  [["key", "environment"], ["LIMIT", 1]]
  [1m[36mTRANSACTION (0.2ms)[0m  [1m[35mBEGIN[0m
  [1m[36mActiveRecord::InternalMetadata Create (1.1ms)[0m  [1m[32mINSERT INTO "ar_internal_metadata" ("key", "value", "created_at", "updated_at") VALUES ($1, $2, $3, $4) RETURNING "key"[0m  [["key", "environment"], ["value", "development"], ["created_at", "2022-10-20 16:10:51.898567"], ["updated_at", "2022-10-20 16:10:51.898567"]]
  [1m[36mTRANSACTION (8.2ms)[0m  [1m[35mCOMMIT[0m
  [1m[35m (0.6ms)[0m  [1m[34mSELECT pg_advisory_unlock(4518038202419116725)[0m
  [1m[36mActiveRecord::SchemaMigration Pluck (0.7ms)[0m  [1m[34mSELECT "schema_migrations"."version" FROM "schema_migrations" ORDER BY "schema_migrations"."version" ASC[0m
  [1m[36mTRANSACTION (0.2ms)[0m  [1m[35mBEGIN[0m
  [1m[36mUser Create (0.7ms)[0m  [1m[32mINSERT INTO "users" ("name", "photo", "bio", "posts_counter", "created_at", "updated_at") VALUES ($1, $2, $3, $4, $5, $6) RETURNING "id"[0m  [["name", "Arnold"], ["photo", "https://unsplash.com/photos/fug"], ["bio", "I am photographer from croatia. I love my work"], ["posts_counter", 1], ["created_at", "2022-10-20 18:37:06.865256"], ["updated_at", "2022-10-20 18:37:06.865256"]]
  [1m[36mTRANSACTION (29.4ms)[0m  [1m[35mCOMMIT[0m
  [1m[36mTRANSACTION (0.4ms)[0m  [1m[35mBEGIN[0m
  [1m[36mPost Create (1.3ms)[0m  [1m[32mINSERT INTO "posts" ("title", "text", "comments_counter", "likes_counter", "created_at", "updated_at", "user_id") VALUES ($1, $2, $3, $4, $5, $6, $7) RETURNING "id"[0m  [["title", "Intro to Rails"], ["text", "This is my first post"], ["comments_counter", 1], ["likes_counter", 3], ["created_at", "2022-10-20 18:37:21.367264"], ["updated_at", "2022-10-20 18:37:21.367264"], ["user_id", 3]]
  [1m[36mUser Update All (0.9ms)[0m  [1m[33mUPDATE "users" SET "posts_counter" = COALESCE("posts_counter", 0) + $1 WHERE "users"."id" = $2[0m  [["posts_counter", 1], ["id", 3]]
  [1m[36mTRANSACTION (14.3ms)[0m  [1m[35mCOMMIT[0m
